<?xml version="1.0" encoding="utf-8"?><testsuites><testsuite errors="0" failures="0" hostname="project-2" name="pytest" skipped="0" tests="1" time="0.772" timestamp="2021-06-04T15:33:29.225538"><testcase classname="service-4.tests.test_app.TestHome" name="test_get_fortune" time="0.015" /></testsuite></testsuites>